[handleMsg]:  {
  key: {
    remoteJid: '56926173962@s.whatsapp.net',
    fromMe: false,
    id: '3EB0C1A1913A3C40A0BB1F',
    participant: undefined
  },
  messageTimestamp: 1716169446,
  pushName: '😎',
  broadcast: false,
  message: Message {
    conversation: 'hola',
    messageContextInfo: MessageContextInfo {
      deviceListMetadata: [DeviceListMetadata],
      deviceListMetadataVersion: 2
    }
  },
  body: 'hola',
  from: '56926173962'
}
[QUEUE_SE_ENVIO]:  {
  ref: 'ans_59dafa01-67a8-49ea-92d1-dc8801ca400e',
  keyword: 'key_b5e743cb-1d84-451f-a9d8-df57f6cdc97a',
  answer: 'Bienvenido a tu asistente virtual 🤖 XR3 insgresa tu rut',
  options: {
    media: null,
    buttons: [],
    capture: true,
    child: null,
    delay: 0,
    idle: null,
    ref: null,
    nested: [],
    keyword: {},
    callback: true
  },
  refSerialize: '07eca909f0d5a4161e94d97a046259b6'
}
[handleMsg]:  {
  key: {
    remoteJid: '56926173962@s.whatsapp.net',
    fromMe: false,
    id: '3EB0E7DEFE60E87A3023A0',
    participant: undefined
  },
  messageTimestamp: 1716169452,
  pushName: '😎',
  broadcast: false,
  message: Message {
    conversation: '17684838-3',
    messageContextInfo: MessageContextInfo {
      deviceListMetadata: [DeviceListMetadata],
      deviceListMetadataVersion: 2
    }
  },
  body: '17684838-3',
  from: '56926173962'
}
[handleMsg]:  {
  key: {
    remoteJid: '56926173962@s.whatsapp.net',
    fromMe: false,
    id: '3EB0F2B3631CB2B0502C15',
    participant: undefined
  },
  messageTimestamp: 1716169454,
  pushName: '😎',
  broadcast: false,
  message: Message {
    conversation: '1',
    messageContextInfo: MessageContextInfo {
      deviceListMetadata: [DeviceListMetadata],
      deviceListMetadataVersion: 2
    }
  },
  body: '1',
  from: '56926173962'
}
[handleMsg]:  {
  key: {
    remoteJid: '56926173962@s.whatsapp.net',
    fromMe: false,
    id: '3EB0AA1822C87F8BC4BDE6',
    participant: undefined
  },
  messageTimestamp: 1716169458,
  pushName: '😎',
  broadcast: false,
  message: Message {
    conversation: '1-0002902',
    messageContextInfo: MessageContextInfo {
      deviceListMetadata: [DeviceListMetadata],
      deviceListMetadataVersion: 2
    }
  },
  body: '1-0002902',
  from: '56926173962'
}
[handleMsg]:  {
  key: {
    remoteJid: '56926173962@s.whatsapp.net',
    fromMe: false,
    id: '3EB0D2A0E95FD97E998FB2',
    participant: undefined
  },
  messageTimestamp: 1716169471,
  pushName: '😎',
  broadcast: false,
  message: Message {
    conversation: '1',
    messageContextInfo: MessageContextInfo {
      deviceListMetadata: [DeviceListMetadata],
      deviceListMetadataVersion: 2
    }
  },
  body: '1',
  from: '56926173962'
}
[QUEUE_SE_ENVIO]:  {
  ref: 'ans_59dafa01-67a8-49ea-92d1-dc8801ca400e',
  keyword: 'key_b5e743cb-1d84-451f-a9d8-df57f6cdc97a',
  answer: 'Bienvenido a tu asistente virtual 🤖 XR3 insgresa tu rut',
  options: {
    media: null,
    buttons: [],
    capture: true,
    child: null,
    delay: 0,
    idle: null,
    ref: null,
    nested: [],
    keyword: {},
    callback: true
  },
  refSerialize: '07eca909f0d5a4161e94d97a046259b6'
}
[handleMsg]:  {
  key: {
    remoteJid: '56926173962@s.whatsapp.net',
    fromMe: false,
    id: '3EB01EF7A95F7E666FB415',
    participant: undefined
  },
  messageTimestamp: 1716169512,
  pushName: '😎',
  broadcast: false,
  message: Message {
    conversation: '0',
    messageContextInfo: MessageContextInfo {
      deviceListMetadata: [DeviceListMetadata],
      deviceListMetadataVersion: 2
    }
  },
  body: '0',
  from: '56926173962'
}
[handleMsg]:  {
  key: {
    remoteJid: '56926173962@s.whatsapp.net',
    fromMe: false,
    id: '3EB0229D58663B3766C367',
    participant: undefined
  },
  messageTimestamp: 1716169521,
  pushName: '😎',
  broadcast: false,
  message: Message {
    conversation: '1',
    messageContextInfo: MessageContextInfo {
      deviceListMetadata: [DeviceListMetadata],
      deviceListMetadataVersion: 2
    }
  },
  body: '1',
  from: '56926173962'
}
